[2025-11-03 20:17:38 UTC] [auth_handler - register-verify] SQLSTATE[23000]: Integrity constraint violation: 1062 Duplicate entry 'user20251103_141708yq' for key 'username' (Archivo: E:\xampp\htdocs\ProjectGenesis\api\auth_handler.php, Línea: 60)
[2025-11-03 20:35:36 UTC] [auth_handler - register-verify] SQLSTATE[23000]: Integrity constraint violation: 1062 Duplicate entry 'user20251103_143457cb' for key 'username' (Archivo: E:\xampp\htdocs\ProjectGenesis\api\auth_handler.php, Línea: 60)
[2025-11-03 20:38:38 UTC] [auth_handler - register-verify] SQLSTATE[23000]: Integrity constraint violation: 1062 Duplicate entry 'user20251103_143457cb' for key 'username' (Archivo: E:\xampp\htdocs\ProjectGenesis\api\auth_handler.php, Línea: 60)
[2025-11-03 20:44:39 UTC] [auth_handler - register-verify] SQLSTATE[23000]: Integrity constraint violation: 1062 Duplicate entry 'user20251103_144407ly' for key 'username' (Archivo: E:\xampp\htdocs\ProjectGenesis\api\auth_handler.php, Línea: 60)
[2025-11-03 20:44:43 UTC] [auth_handler - register-verify] SQLSTATE[23000]: Integrity constraint violation: 1062 Duplicate entry 'user20251103_144407ly' for key 'username' (Archivo: E:\xampp\htdocs\ProjectGenesis\api\auth_handler.php, Línea: 60)
[2025-11-03 20:44:44 UTC] [auth_handler - register-verify] SQLSTATE[23000]: Integrity constraint violation: 1062 Duplicate entry 'user20251103_144407ly' for key 'username' (Archivo: E:\xampp\htdocs\ProjectGenesis\api\auth_handler.php, Línea: 60)
[2025-11-03 20:44:45 UTC] [auth_handler - register-verify] SQLSTATE[23000]: Integrity constraint violation: 1062 Duplicate entry 'user20251103_144407ly' for key 'username' (Archivo: E:\xampp\htdocs\ProjectGenesis\api\auth_handler.php, Línea: 60)
[2025-11-03 20:44:45 UTC] [auth_handler - register-verify] SQLSTATE[23000]: Integrity constraint violation: 1062 Duplicate entry 'user20251103_144407ly' for key 'username' (Archivo: E:\xampp\htdocs\ProjectGenesis\api\auth_handler.php, Línea: 60)
[2025-11-03 20:44:45 UTC] [auth_handler - register-verify] SQLSTATE[23000]: Integrity constraint violation: 1062 Duplicate entry 'user20251103_144407ly' for key 'username' (Archivo: E:\xampp\htdocs\ProjectGenesis\api\auth_handler.php, Línea: 60)
[2025-11-03 20:44:45 UTC] [auth_handler - register-verify] SQLSTATE[23000]: Integrity constraint violation: 1062 Duplicate entry 'user20251103_144407ly' for key 'username' (Archivo: E:\xampp\htdocs\ProjectGenesis\api\auth_handler.php, Línea: 60)
[2025-11-03 20:44:45 UTC] [auth_handler - register-verify] SQLSTATE[23000]: Integrity constraint violation: 1062 Duplicate entry 'user20251103_144407ly' for key 'username' (Archivo: E:\xampp\htdocs\ProjectGenesis\api\auth_handler.php, Línea: 60)
[2025-11-03 20:44:45 UTC] [auth_handler - register-verify] SQLSTATE[23000]: Integrity constraint violation: 1062 Duplicate entry 'user20251103_144407ly' for key 'username' (Archivo: E:\xampp\htdocs\ProjectGenesis\api\auth_handler.php, Línea: 60)
[2025-11-03 20:45:10 UTC] [auth_handler - register-verify] SQLSTATE[23000]: Integrity constraint violation: 1062 Duplicate entry 'user20251103_144407ly' for key 'username' (Archivo: E:\xampp\htdocs\ProjectGenesis\api\auth_handler.php, Línea: 60)
[2025-11-03 20:46:09 UTC] [auth_handler - register-verify] SQLSTATE[23000]: Integrity constraint violation: 1062 Duplicate entry 'user20251103_144407ly' for key 'username' (Archivo: E:\xampp\htdocs\ProjectGenesis\api\auth_handler.php, Línea: 60)
[2025-11-03 20:46:10 UTC] [auth_handler - register-verify] SQLSTATE[23000]: Integrity constraint violation: 1062 Duplicate entry 'user20251103_144407ly' for key 'username' (Archivo: E:\xampp\htdocs\ProjectGenesis\api\auth_handler.php, Línea: 60)
[2025-11-03 20:46:10 UTC] [auth_handler - register-verify] SQLSTATE[23000]: Integrity constraint violation: 1062 Duplicate entry 'user20251103_144407ly' for key 'username' (Archivo: E:\xampp\htdocs\ProjectGenesis\api\auth_handler.php, Línea: 60)
[2025-11-03 20:46:10 UTC] [auth_handler - register-verify] SQLSTATE[23000]: Integrity constraint violation: 1062 Duplicate entry 'user20251103_144407ly' for key 'username' (Archivo: E:\xampp\htdocs\ProjectGenesis\api\auth_handler.php, Línea: 60)
[2025-11-03 20:46:10 UTC] [auth_handler - register-verify] SQLSTATE[23000]: Integrity constraint violation: 1062 Duplicate entry 'user20251103_144407ly' for key 'username' (Archivo: E:\xampp\htdocs\ProjectGenesis\api\auth_handler.php, Línea: 60)
[2025-11-03 20:46:10 UTC] [auth_handler - register-verify] SQLSTATE[23000]: Integrity constraint violation: 1062 Duplicate entry 'user20251103_144407ly' for key 'username' (Archivo: E:\xampp\htdocs\ProjectGenesis\api\auth_handler.php, Línea: 60)
[2025-11-03 20:46:11 UTC] [auth_handler - register-verify] SQLSTATE[23000]: Integrity constraint violation: 1062 Duplicate entry 'user20251103_144407ly' for key 'username' (Archivo: E:\xampp\htdocs\ProjectGenesis\api\auth_handler.php, Línea: 60)
[2025-11-03 20:46:11 UTC] [auth_handler - register-verify] SQLSTATE[23000]: Integrity constraint violation: 1062 Duplicate entry 'user20251103_144407ly' for key 'username' (Archivo: E:\xampp\htdocs\ProjectGenesis\api\auth_handler.php, Línea: 60)
[2025-11-03 20:46:11 UTC] [auth_handler - register-verify] SQLSTATE[23000]: Integrity constraint violation: 1062 Duplicate entry 'user20251103_144407ly' for key 'username' (Archivo: E:\xampp\htdocs\ProjectGenesis\api\auth_handler.php, Línea: 60)
[2025-11-03 20:46:11 UTC] [auth_handler - register-verify] SQLSTATE[23000]: Integrity constraint violation: 1062 Duplicate entry 'user20251103_144407ly' for key 'username' (Archivo: E:\xampp\htdocs\ProjectGenesis\api\auth_handler.php, Línea: 60)
[2025-11-03 20:46:11 UTC] [auth_handler - register-verify] SQLSTATE[23000]: Integrity constraint violation: 1062 Duplicate entry 'user20251103_144407ly' for key 'username' (Archivo: E:\xampp\htdocs\ProjectGenesis\api\auth_handler.php, Línea: 60)
[2025-11-03 20:46:12 UTC] [auth_handler - register-verify] SQLSTATE[23000]: Integrity constraint violation: 1062 Duplicate entry 'user20251103_144407ly' for key 'username' (Archivo: E:\xampp\htdocs\ProjectGenesis\api\auth_handler.php, Línea: 60)
[2025-11-03 20:46:12 UTC] [auth_handler - register-verify] SQLSTATE[23000]: Integrity constraint violation: 1062 Duplicate entry 'user20251103_144407ly' for key 'username' (Archivo: E:\xampp\htdocs\ProjectGenesis\api\auth_handler.php, Línea: 60)
[2025-11-03 20:46:12 UTC] [auth_handler - register-verify] SQLSTATE[23000]: Integrity constraint violation: 1062 Duplicate entry 'user20251103_144407ly' for key 'username' (Archivo: E:\xampp\htdocs\ProjectGenesis\api\auth_handler.php, Línea: 60)
[2025-11-03 20:46:12 UTC] [auth_handler - register-verify] SQLSTATE[23000]: Integrity constraint violation: 1062 Duplicate entry 'user20251103_144407ly' for key 'username' (Archivo: E:\xampp\htdocs\ProjectGenesis\api\auth_handler.php, Línea: 60)
[2025-11-03 20:46:12 UTC] [auth_handler - register-verify] SQLSTATE[23000]: Integrity constraint violation: 1062 Duplicate entry 'user20251103_144407ly' for key 'username' (Archivo: E:\xampp\htdocs\ProjectGenesis\api\auth_handler.php, Línea: 60)
[2025-11-03 20:46:13 UTC] [auth_handler - register-verify] SQLSTATE[23000]: Integrity constraint violation: 1062 Duplicate entry 'user20251103_144407ly' for key 'username' (Archivo: E:\xampp\htdocs\ProjectGenesis\api\auth_handler.php, Línea: 60)
[2025-11-03 20:46:13 UTC] [auth_handler - register-verify] SQLSTATE[23000]: Integrity constraint violation: 1062 Duplicate entry 'user20251103_144407ly' for key 'username' (Archivo: E:\xampp\htdocs\ProjectGenesis\api\auth_handler.php, Línea: 60)
[2025-11-03 20:46:13 UTC] [auth_handler - register-verify] SQLSTATE[23000]: Integrity constraint violation: 1062 Duplicate entry 'user20251103_144407ly' for key 'username' (Archivo: E:\xampp\htdocs\ProjectGenesis\api\auth_handler.php, Línea: 60)
[2025-11-03 20:46:13 UTC] [auth_handler - register-verify] SQLSTATE[23000]: Integrity constraint violation: 1062 Duplicate entry 'user20251103_144407ly' for key 'username' (Archivo: E:\xampp\htdocs\ProjectGenesis\api\auth_handler.php, Línea: 60)
[2025-11-03 20:47:14 UTC] [auth_handler - register-verify] SQLSTATE[23000]: Integrity constraint violation: 1062 Duplicate entry 'user20251103_144407ly' for key 'username' (Archivo: E:\xampp\htdocs\ProjectGenesis\api\auth_handler.php, Línea: 60)
[2025-11-03 20:47:34 UTC] [auth_handler - register-verify] SQLSTATE[23000]: Integrity constraint violation: 1062 Duplicate entry 'user20251103_144407ly' for key 'username' (Archivo: E:\xampp\htdocs\ProjectGenesis\api\auth_handler.php, Línea: 60)
[2025-11-03 20:47:35 UTC] [auth_handler - register-verify] SQLSTATE[23000]: Integrity constraint violation: 1062 Duplicate entry 'user20251103_144407ly' for key 'username' (Archivo: E:\xampp\htdocs\ProjectGenesis\api\auth_handler.php, Línea: 60)
[2025-11-03 20:47:35 UTC] [auth_handler - register-verify] SQLSTATE[23000]: Integrity constraint violation: 1062 Duplicate entry 'user20251103_144407ly' for key 'username' (Archivo: E:\xampp\htdocs\ProjectGenesis\api\auth_handler.php, Línea: 60)
[2025-11-03 20:47:36 UTC] [auth_handler - register-verify] SQLSTATE[23000]: Integrity constraint violation: 1062 Duplicate entry 'user20251103_144407ly' for key 'username' (Archivo: E:\xampp\htdocs\ProjectGenesis\api\auth_handler.php, Línea: 60)
[2025-11-03 20:47:36 UTC] [auth_handler - register-verify] SQLSTATE[23000]: Integrity constraint violation: 1062 Duplicate entry 'user20251103_144407ly' for key 'username' (Archivo: E:\xampp\htdocs\ProjectGenesis\api\auth_handler.php, Línea: 60)
[2025-11-03 20:48:15 UTC] [auth_handler - register-verify] SQLSTATE[23000]: Integrity constraint violation: 1062 Duplicate entry 'user20251103_144407ly' for key 'username' (Archivo: E:\xampp\htdocs\ProjectGenesis\api\auth_handler.php, Línea: 60)
[2025-11-03 20:48:16 UTC] [auth_handler - register-verify] SQLSTATE[23000]: Integrity constraint violation: 1062 Duplicate entry 'user20251103_144407ly' for key 'username' (Archivo: E:\xampp\htdocs\ProjectGenesis\api\auth_handler.php, Línea: 60)
[2025-11-03 20:49:06 UTC] [auth_handler - register-verify] SQLSTATE[23000]: Integrity constraint violation: 1062 Duplicate entry 'user20251103_144844zu' for key 'username' (Archivo: E:\xampp\htdocs\ProjectGenesis\api\auth_handler.php, Línea: 60)
[2025-11-03 20:49:15 UTC] [auth_handler - register-verify] SQLSTATE[23000]: Integrity constraint violation: 1062 Duplicate entry 'user20251103_144844zu' for key 'username' (Archivo: E:\xampp\htdocs\ProjectGenesis\api\auth_handler.php, Línea: 60)
[2025-11-03 20:49:42 UTC] [auth_handler - logUserMetadata] SQLSTATE[23000]: Integrity constraint violation: 1048 Column 'user_id' cannot be null (Archivo: E:\xampp\htdocs\ProjectGenesis\api\auth_handler.php, Línea: 48)
[2025-11-03 22:45:31 UTC] [auth_handler - concurrent_users] No se pudo contactar al servidor de conteo en http://127.0.0.1:8766/count (Archivo: E:\xampp\htdocs\ProjectGenesis\api\auth_handler.php, Línea: 535)
[2025-11-03 22:45:31 UTC] [auth_handler - concurrent_users_check] js.api.errorServer (Archivo: E:\xampp\htdocs\ProjectGenesis\api\auth_handler.php, Línea: 536)
[2025-11-03 22:45:40 UTC] [auth_handler - concurrent_users] No se pudo contactar al servidor de conteo en http://127.0.0.1:8766/count (Archivo: E:\xampp\htdocs\ProjectGenesis\api\auth_handler.php, Línea: 535)
[2025-11-03 22:45:42 UTC] [auth_handler - concurrent_users_check] js.api.errorServer (Archivo: E:\xampp\htdocs\ProjectGenesis\api\auth_handler.php, Línea: 536)
[2025-11-03 22:45:58 UTC] [auth_handler - concurrent_users] No se pudo contactar al servidor de conteo en http://127.0.0.1:8766/count (Archivo: E:\xampp\htdocs\ProjectGenesis\api\auth_handler.php, Línea: 535)
[2025-11-03 22:46:00 UTC] [auth_handler - concurrent_users_check] js.api.errorServer (Archivo: E:\xampp\htdocs\ProjectGenesis\api\auth_handler.php, Línea: 536)
[2025-11-03 22:46:16 UTC] [auth_handler - concurrent_users] No se pudo contactar al servidor de conteo en http://127.0.0.1:8766/count (Archivo: E:\xampp\htdocs\ProjectGenesis\api\auth_handler.php, Línea: 535)
[2025-11-03 22:46:16 UTC] [auth_handler - concurrent_users_check] js.api.errorServer (Archivo: E:\xampp\htdocs\ProjectGenesis\api\auth_handler.php, Línea: 536)
[2025-11-03 22:53:42 UTC] [auth_handler - concurrent_users] No se pudo contactar al servidor de conteo en http://127.0.0.1:8766/count (Archivo: E:\xampp\htdocs\ProjectGenesis\api\auth_handler.php, Línea: 535)
[2025-11-03 22:53:42 UTC] [auth_handler - concurrent_users_check] js.api.errorServer (Archivo: E:\xampp\htdocs\ProjectGenesis\api\auth_handler.php, Línea: 536)
[2025-11-03 22:55:06 UTC] [auth_handler - concurrent_users] No se pudo contactar al servidor de conteo en http://127.0.0.1:8766/count (Archivo: E:\xampp\htdocs\ProjectGenesis\api\auth_handler.php, Línea: 535)
[2025-11-03 22:55:06 UTC] [auth_handler - concurrent_users_check] js.api.errorServer (Archivo: E:\xampp\htdocs\ProjectGenesis\api\auth_handler.php, Línea: 536)
[2025-11-03 23:16:02 UTC] [auth_handler - concurrent_users_check] No se pudo contactar al servidor de conteo en http://127.0.0.1:8766/count (Archivo: E:\xampp\htdocs\ProjectGenesis\api\auth_handler.php, Línea: 533)
[2025-11-03 23:16:03 UTC] [auth_handler - concurrent_users_check] js.api.errorServer (Archivo: E:\xampp\htdocs\ProjectGenesis\api\auth_handler.php, Línea: 534)
[2025-11-03 23:16:15 UTC] [auth_handler - concurrent_users_check] No se pudo contactar al servidor de conteo en http://127.0.0.1:8766/count (Archivo: E:\xampp\htdocs\ProjectGenesis\api\auth_handler.php, Línea: 533)
[2025-11-03 23:16:15 UTC] [auth_handler - concurrent_users_check] js.api.errorServer (Archivo: E:\xampp\htdocs\ProjectGenesis\api\auth_handler.php, Línea: 534)
[2025-11-03 23:18:54 UTC] [auth_handler - concurrent_users_check] No se pudo contactar al servidor de conteo en http://127.0.0.1:8766/count (Archivo: E:\xampp\htdocs\ProjectGenesis\api\auth_handler.php, Línea: 533)
[2025-11-03 23:18:54 UTC] [auth_handler - concurrent_users_check] js.api.errorServer (Archivo: E:\xampp\htdocs\ProjectGenesis\api\auth_handler.php, Línea: 534)
[2025-11-03 23:21:29 UTC] [auth_handler - concurrent_users_check] No se pudo contactar al servidor de conteo en http://127.0.0.1:8766/count (Archivo: E:\xampp\htdocs\ProjectGenesis\api\auth_handler.php, Línea: 533)
[2025-11-03 23:21:29 UTC] [auth_handler - concurrent_users_check] js.api.errorServer (Archivo: E:\xampp\htdocs\ProjectGenesis\api\auth_handler.php, Línea: 534)
[2025-11-03 23:22:05 UTC] [auth_handler - concurrent_users_check] No se pudo contactar al servidor de conteo en http://127.0.0.1:8766/count (Archivo: E:\xampp\htdocs\ProjectGenesis\api\auth_handler.php, Línea: 533)
[2025-11-03 23:22:05 UTC] [auth_handler - concurrent_users_check] js.api.errorServer (Archivo: E:\xampp\htdocs\ProjectGenesis\api\auth_handler.php, Línea: 534)
[2025-11-04 16:50:09 UTC] [auth_handler - concurrent_users_check] No se pudo contactar al servidor de conteo en http://127.0.0.1:8766/count (Archivo: E:\xampp\htdocs\ProjectGenesis\api\auth_handler.php, Línea: 540)
[2025-11-04 16:50:09 UTC] [auth_handler - concurrent_users_check] js.api.errorServer (Archivo: E:\xampp\htdocs\ProjectGenesis\api\auth_handler.php, Línea: 541)
[2025-11-07 06:28:06 UTC] [auth_handler - concurrent_users_check] No se pudo contactar al servidor de conteo en http://127.0.0.1:8766/count (Archivo: E:\xampp\htdocs\ProjectGenesis\api\auth_handler.php, Línea: 564)
[2025-11-07 06:28:06 UTC] [auth_handler - concurrent_users_check] js.api.errorServer (Archivo: E:\xampp\htdocs\ProjectGenesis\api\auth_handler.php, Línea: 565)
[2025-11-07 06:28:24 UTC] [auth_handler - concurrent_users_check] No se pudo contactar al servidor de conteo en http://127.0.0.1:8766/count (Archivo: E:\xampp\htdocs\ProjectGenesis\api\auth_handler.php, Línea: 564)
[2025-11-07 06:28:24 UTC] [auth_handler - concurrent_users_check] js.api.errorServer (Archivo: E:\xampp\htdocs\ProjectGenesis\api\auth_handler.php, Línea: 565)
[2025-11-07 17:48:07 UTC] [publication_handler - create-post] SQLSTATE[23000]: Integrity constraint violation: 1048 Column 'community_id' cannot be null (Archivo: E:\xampp\htdocs\ProjectGenesis\api\publication_handler.php, Línea: 110)
[2025-11-07 17:48:18 UTC] [publication_handler - create-post] SQLSTATE[23000]: Integrity constraint violation: 1048 Column 'community_id' cannot be null (Archivo: E:\xampp\htdocs\ProjectGenesis\api\publication_handler.php, Línea: 110)
[2025-11-07 17:48:29 UTC] [publication_handler - create-post] SQLSTATE[23000]: Integrity constraint violation: 1048 Column 'community_id' cannot be null (Archivo: E:\xampp\htdocs\ProjectGenesis\api\publication_handler.php, Línea: 110)
[2025-11-07 17:48:46 UTC] [publication_handler - create-post] SQLSTATE[23000]: Integrity constraint violation: 1048 Column 'community_id' cannot be null (Archivo: E:\xampp\htdocs\ProjectGenesis\api\publication_handler.php, Línea: 125)
[2025-11-07 17:48:55 UTC] [publication_handler - create-post] SQLSTATE[23000]: Integrity constraint violation: 1048 Column 'community_id' cannot be null (Archivo: E:\xampp\htdocs\ProjectGenesis\api\publication_handler.php, Línea: 125)
[2025-11-07 17:48:56 UTC] [publication_handler - create-post] SQLSTATE[23000]: Integrity constraint violation: 1048 Column 'community_id' cannot be null (Archivo: E:\xampp\htdocs\ProjectGenesis\api\publication_handler.php, Línea: 125)
[2025-11-07 17:48:57 UTC] [publication_handler - create-post] SQLSTATE[23000]: Integrity constraint violation: 1048 Column 'community_id' cannot be null (Archivo: E:\xampp\htdocs\ProjectGenesis\api\publication_handler.php, Línea: 125)
[2025-11-07 17:49:35 UTC] [publication_handler - create-post] SQLSTATE[23000]: Integrity constraint violation: 1048 Column 'community_id' cannot be null (Archivo: E:\xampp\htdocs\ProjectGenesis\api\publication_handler.php, Línea: 125)
[2025-11-07 17:49:37 UTC] [publication_handler - create-post] SQLSTATE[23000]: Integrity constraint violation: 1048 Column 'community_id' cannot be null (Archivo: E:\xampp\htdocs\ProjectGenesis\api\publication_handler.php, Línea: 125)
[2025-11-07 17:49:37 UTC] [publication_handler - create-post] SQLSTATE[23000]: Integrity constraint violation: 1048 Column 'community_id' cannot be null (Archivo: E:\xampp\htdocs\ProjectGenesis\api\publication_handler.php, Línea: 125)
[2025-11-07 17:50:02 UTC] [publication_handler - create-post] SQLSTATE[23000]: Integrity constraint violation: 1048 Column 'community_id' cannot be null (Archivo: E:\xampp\htdocs\ProjectGenesis\api\publication_handler.php, Línea: 125)
[2025-11-07 23:15:47 UTC] [home.php - fetch posts] SQLSTATE[42S02]: Base table or view not found: 1146 Table 'project_genesis.poll_votes' doesn't exist (Archivo: E:\xampp\htdocs\ProjectGenesis\includes\sections\main\home.php, Línea: 77)
[2025-11-08 01:43:14 UTC] [PDO Connection] SQLSTATE[HY000] [2002] No se puede establecer una conexión ya que el equipo de destino denegó expresamente dicha conexión (Archivo: E:\xampp\htdocs\ProjectGenesis\config\config.php, Línea: 44)
[2025-11-10 05:09:49 UTC] [auth_handler - concurrent_users_check] No se pudo contactar al servidor de conteo en http://127.0.0.1:8766/count (Archivo: E:\xampp\htdocs\ProjectGenesis\api\auth_handler.php, Línea: 498)
[2025-11-10 05:09:49 UTC] [auth_handler - concurrent_users_check] js.api.errorServer (Archivo: E:\xampp\htdocs\ProjectGenesis\api\auth_handler.php, Línea: 499)
[2025-11-11 03:33:21 UTC] [auth_handler - concurrent_users_check] No se pudo contactar al servidor de conteo en http://127.0.0.1:8766/count (Archivo: E:\xampp\htdocs\ProjectGenesis\api\auth_handler.php, Línea: 498)
[2025-11-11 03:33:21 UTC] [auth_handler - concurrent_users_check] js.api.errorServer (Archivo: E:\xampp\htdocs\ProjectGenesis\api\auth_handler.php, Línea: 499)
[2025-11-12 17:07:05 UTC] [bootstrapper - refresh session] SQLSTATE[42S22]: Column not found: 1054 Unknown column 'banner_url' in 'field list' (Archivo: E:\xampp\htdocs\ProjectGenesis\config\bootstrapper.php, Línea: 128)
[2025-11-12 17:07:06 UTC] [router - view-profile] SQLSTATE[42S22]: Column not found: 1054 Unknown column 'banner_url' in 'field list' (Archivo: E:\xampp\htdocs\ProjectGenesis\config\routing\router.php, Línea: 451)
[2025-11-12 17:07:08 UTC] [bootstrapper - refresh session] SQLSTATE[42S22]: Column not found: 1054 Unknown column 'banner_url' in 'field list' (Archivo: E:\xampp\htdocs\ProjectGenesis\config\bootstrapper.php, Línea: 128)
[2025-11-12 17:07:08 UTC] [router - view-profile] SQLSTATE[42S22]: Column not found: 1054 Unknown column 'banner_url' in 'field list' (Archivo: E:\xampp\htdocs\ProjectGenesis\config\routing\router.php, Línea: 451)
[2025-11-12 17:07:11 UTC] [bootstrapper - refresh session] SQLSTATE[42S22]: Column not found: 1054 Unknown column 'banner_url' in 'field list' (Archivo: E:\xampp\htdocs\ProjectGenesis\config\bootstrapper.php, Línea: 128)
[2025-11-12 17:07:12 UTC] [bootstrapper - refresh session] SQLSTATE[42S22]: Column not found: 1054 Unknown column 'banner_url' in 'field list' (Archivo: E:\xampp\htdocs\ProjectGenesis\config\bootstrapper.php, Línea: 128)
[2025-11-12 17:07:15 UTC] [bootstrapper - refresh session] SQLSTATE[42S22]: Column not found: 1054 Unknown column 'banner_url' in 'field list' (Archivo: E:\xampp\htdocs\ProjectGenesis\config\bootstrapper.php, Línea: 128)
[2025-11-12 17:07:20 UTC] [router - view-profile] SQLSTATE[42S22]: Column not found: 1054 Unknown column 'banner_url' in 'field list' (Archivo: E:\xampp\htdocs\ProjectGenesis\config\routing\router.php, Línea: 451)
[2025-11-12 17:07:21 UTC] [bootstrapper - refresh session] SQLSTATE[42S22]: Column not found: 1054 Unknown column 'banner_url' in 'field list' (Archivo: E:\xampp\htdocs\ProjectGenesis\config\bootstrapper.php, Línea: 128)
[2025-11-12 17:07:21 UTC] [router - view-profile] SQLSTATE[42S22]: Column not found: 1054 Unknown column 'banner_url' in 'field list' (Archivo: E:\xampp\htdocs\ProjectGenesis\config\routing\router.php, Línea: 451)
[2025-11-12 17:07:23 UTC] [bootstrapper - refresh session] SQLSTATE[42S22]: Column not found: 1054 Unknown column 'banner_url' in 'field list' (Archivo: E:\xampp\htdocs\ProjectGenesis\config\bootstrapper.php, Línea: 128)
[2025-11-12 17:07:26 UTC] [bootstrapper - refresh session] SQLSTATE[42S22]: Column not found: 1054 Unknown column 'banner_url' in 'field list' (Archivo: E:\xampp\htdocs\ProjectGenesis\config\bootstrapper.php, Línea: 128)
[2025-11-12 17:07:31 UTC] [bootstrapper - refresh session] SQLSTATE[42S22]: Column not found: 1054 Unknown column 'banner_url' in 'field list' (Archivo: E:\xampp\htdocs\ProjectGenesis\config\bootstrapper.php, Línea: 128)
[2025-11-12 17:07:36 UTC] [bootstrapper - refresh session] SQLSTATE[42S22]: Column not found: 1054 Unknown column 'banner_url' in 'field list' (Archivo: E:\xampp\htdocs\ProjectGenesis\config\bootstrapper.php, Línea: 128)
[2025-11-12 17:08:13 UTC] [bootstrapper - refresh session] SQLSTATE[42S22]: Column not found: 1054 Unknown column 'banner_url' in 'field list' (Archivo: E:\xampp\htdocs\ProjectGenesis\config\bootstrapper.php, Línea: 128)
[2025-11-12 17:08:46 UTC] [bootstrapper - refresh session] SQLSTATE[42S22]: Column not found: 1054 Unknown column 'banner_url' in 'field list' (Archivo: E:\xampp\htdocs\ProjectGenesis\config\bootstrapper.php, Línea: 128)
[2025-11-12 17:09:46 UTC] [router - view-profile] SQLSTATE[42S22]: Column not found: 1054 Unknown column 'banner_url' in 'field list' (Archivo: E:\xampp\htdocs\ProjectGenesis\config\routing\router.php, Línea: 451)
[2025-11-12 17:09:49 UTC] [bootstrapper - refresh session] SQLSTATE[42S22]: Column not found: 1054 Unknown column 'banner_url' in 'field list' (Archivo: E:\xampp\htdocs\ProjectGenesis\config\bootstrapper.php, Línea: 128)
[2025-11-12 17:09:49 UTC] [router - view-profile] SQLSTATE[42S22]: Column not found: 1054 Unknown column 'banner_url' in 'field list' (Archivo: E:\xampp\htdocs\ProjectGenesis\config\routing\router.php, Línea: 451)
[2025-11-12 17:09:49 UTC] [bootstrapper - refresh session] SQLSTATE[42S22]: Column not found: 1054 Unknown column 'banner_url' in 'field list' (Archivo: E:\xampp\htdocs\ProjectGenesis\config\bootstrapper.php, Línea: 128)
[2025-11-12 17:09:49 UTC] [router - view-profile] SQLSTATE[42S22]: Column not found: 1054 Unknown column 'banner_url' in 'field list' (Archivo: E:\xampp\htdocs\ProjectGenesis\config\routing\router.php, Línea: 451)
[2025-11-12 17:09:55 UTC] [bootstrapper - refresh session] SQLSTATE[42S22]: Column not found: 1054 Unknown column 'banner_url' in 'field list' (Archivo: E:\xampp\htdocs\ProjectGenesis\config\bootstrapper.php, Línea: 128)
[2025-11-12 17:09:55 UTC] [router - view-profile] SQLSTATE[42S22]: Column not found: 1054 Unknown column 'banner_url' in 'field list' (Archivo: E:\xampp\htdocs\ProjectGenesis\config\routing\router.php, Línea: 451)
[2025-11-12 17:09:57 UTC] [bootstrapper - refresh session] SQLSTATE[42S22]: Column not found: 1054 Unknown column 'banner_url' in 'field list' (Archivo: E:\xampp\htdocs\ProjectGenesis\config\bootstrapper.php, Línea: 128)
[2025-11-12 17:09:59 UTC] [bootstrapper - refresh session] SQLSTATE[42S22]: Column not found: 1054 Unknown column 'banner_url' in 'field list' (Archivo: E:\xampp\htdocs\ProjectGenesis\config\bootstrapper.php, Línea: 128)
[2025-11-12 17:10:03 UTC] [bootstrapper - refresh session] SQLSTATE[42S22]: Column not found: 1054 Unknown column 'banner_url' in 'field list' (Archivo: E:\xampp\htdocs\ProjectGenesis\config\bootstrapper.php, Línea: 128)
[2025-11-12 17:10:05 UTC] [router - view-profile] SQLSTATE[42S22]: Column not found: 1054 Unknown column 'banner_url' in 'field list' (Archivo: E:\xampp\htdocs\ProjectGenesis\config\routing\router.php, Línea: 451)
[2025-11-12 17:14:09 UTC] [bootstrapper - refresh session] SQLSTATE[42S22]: Column not found: 1054 Unknown column 'banner_url' in 'field list' (Archivo: E:\xampp\htdocs\ProjectGenesis\config\bootstrapper.php, Línea: 128)
[2025-11-12 17:14:09 UTC] [router - view-profile] SQLSTATE[42S22]: Column not found: 1054 Unknown column 'banner_url' in 'field list' (Archivo: E:\xampp\htdocs\ProjectGenesis\config\routing\router.php, Línea: 451)
[2025-11-12 17:21:36 UTC] [bootstrapper - refresh session] SQLSTATE[42S22]: Column not found: 1054 Unknown column 'banner_url' in 'field list' (Archivo: E:\xampp\htdocs\ProjectGenesis\config\bootstrapper.php, Línea: 128)
[2025-11-12 17:21:40 UTC] [router - view-profile] SQLSTATE[42S22]: Column not found: 1054 Unknown column 'u.banner_url' in 'field list' (Archivo: E:\xampp\htdocs\ProjectGenesis\config\routing\router.php, Línea: 459)
[2025-11-12 17:21:52 UTC] [settings_handler - update-preference] SQLSTATE[42S22]: Column not found: 1054 Unknown column 'is_friend_list_private' in 'field list' (Archivo: E:\xampp\htdocs\ProjectGenesis\api\settings_handler.php, Línea: 843)
[2025-11-12 17:21:54 UTC] [settings_handler - update-preference] SQLSTATE[42S22]: Column not found: 1054 Unknown column 'is_email_public' in 'field list' (Archivo: E:\xampp\htdocs\ProjectGenesis\api\settings_handler.php, Línea: 843)
[2025-11-12 17:21:58 UTC] [bootstrapper - refresh session] SQLSTATE[42S22]: Column not found: 1054 Unknown column 'banner_url' in 'field list' (Archivo: E:\xampp\htdocs\ProjectGenesis\config\bootstrapper.php, Línea: 128)
[2025-11-12 17:21:59 UTC] [bootstrapper - refresh session] SQLSTATE[42S22]: Column not found: 1054 Unknown column 'banner_url' in 'field list' (Archivo: E:\xampp\htdocs\ProjectGenesis\config\bootstrapper.php, Línea: 128)
[2025-11-12 17:22:44 UTC] [bootstrapper - refresh session] SQLSTATE[42S22]: Column not found: 1054 Unknown column 'banner_url' in 'field list' (Archivo: E:\xampp\htdocs\ProjectGenesis\config\bootstrapper.php, Línea: 128)
[2025-11-12 17:22:51 UTC] [router - view-profile] SQLSTATE[42S22]: Column not found: 1054 Unknown column 'u.banner_url' in 'field list' (Archivo: E:\xampp\htdocs\ProjectGenesis\config\routing\router.php, Línea: 459)
[2025-11-12 17:45:43 UTC] [settings_handler - update-preference] Fila de preferencias faltante para user_id: 4 (Archivo: E:\xampp\htdocs\ProjectGenesis\api\settings_handler.php, Línea: 861)
[2025-11-12 17:45:46 UTC] [settings_handler - update-preference] Fila de preferencias faltante para user_id: 4 (Archivo: E:\xampp\htdocs\ProjectGenesis\api\settings_handler.php, Línea: 861)
[2025-11-12 17:45:47 UTC] [settings_handler - update-preference] Fila de preferencias faltante para user_id: 4 (Archivo: E:\xampp\htdocs\ProjectGenesis\api\settings_handler.php, Línea: 861)
[2025-11-12 17:45:49 UTC] [settings_handler - update-preference] Fila de preferencias faltante para user_id: 4 (Archivo: E:\xampp\htdocs\ProjectGenesis\api\settings_handler.php, Línea: 861)
[2025-11-12 17:45:50 UTC] [settings_handler - update-preference] Fila de preferencias faltante para user_id: 4 (Archivo: E:\xampp\htdocs\ProjectGenesis\api\settings_handler.php, Línea: 861)
[2025-11-12 17:45:51 UTC] [settings_handler - update-preference] Fila de preferencias faltante para user_id: 4 (Archivo: E:\xampp\htdocs\ProjectGenesis\api\settings_handler.php, Línea: 861)
[2025-11-12 17:45:55 UTC] [settings_handler - update-preference] Fila de preferencias faltante para user_id: 4 (Archivo: E:\xampp\htdocs\ProjectGenesis\api\settings_handler.php, Línea: 861)
[2025-11-12 17:45:56 UTC] [settings_handler - update-preference] Fila de preferencias faltante para user_id: 4 (Archivo: E:\xampp\htdocs\ProjectGenesis\api\settings_handler.php, Línea: 861)
[2025-11-12 17:45:58 UTC] [settings_handler - update-preference] Fila de preferencias faltante para user_id: 4 (Archivo: E:\xampp\htdocs\ProjectGenesis\api\settings_handler.php, Línea: 861)
[2025-11-12 17:46:00 UTC] [settings_handler - update-preference] Fila de preferencias faltante para user_id: 4 (Archivo: E:\xampp\htdocs\ProjectGenesis\api\settings_handler.php, Línea: 861)
[2025-11-12 17:51:24 UTC] [settings_handler - update-preference] Fila de preferencias faltante para user_id: 4 (Archivo: E:\xampp\htdocs\ProjectGenesis\api\settings_handler.php, Línea: 861)
[2025-11-12 17:51:26 UTC] [settings_handler - update-preference] Fila de preferencias faltante para user_id: 4 (Archivo: E:\xampp\htdocs\ProjectGenesis\api\settings_handler.php, Línea: 861)
[2025-11-12 17:51:49 UTC] [settings_handler - update-preference] Fila de preferencias faltante para user_id: 3 (Archivo: E:\xampp\htdocs\ProjectGenesis\api\settings_handler.php, Línea: 861)
[2025-11-12 17:51:50 UTC] [settings_handler - update-preference] Fila de preferencias faltante para user_id: 3 (Archivo: E:\xampp\htdocs\ProjectGenesis\api\settings_handler.php, Línea: 861)
[2025-11-12 17:51:51 UTC] [settings_handler - update-preference] Fila de preferencias faltante para user_id: 3 (Archivo: E:\xampp\htdocs\ProjectGenesis\api\settings_handler.php, Línea: 861)
[2025-11-12 17:51:52 UTC] [settings_handler - update-preference] Fila de preferencias faltante para user_id: 3 (Archivo: E:\xampp\htdocs\ProjectGenesis\api\settings_handler.php, Línea: 861)
[2025-11-12 17:51:53 UTC] [settings_handler - update-preference] Fila de preferencias faltante para user_id: 3 (Archivo: E:\xampp\htdocs\ProjectGenesis\api\settings_handler.php, Línea: 861)
[2025-11-12 17:51:53 UTC] [settings_handler - update-preference] Fila de preferencias faltante para user_id: 3 (Archivo: E:\xampp\htdocs\ProjectGenesis\api\settings_handler.php, Línea: 861)
[2025-11-12 17:51:54 UTC] [settings_handler - update-preference] Fila de preferencias faltante para user_id: 3 (Archivo: E:\xampp\htdocs\ProjectGenesis\api\settings_handler.php, Línea: 861)
[2025-11-12 17:51:54 UTC] [settings_handler - update-preference] Fila de preferencias faltante para user_id: 3 (Archivo: E:\xampp\htdocs\ProjectGenesis\api\settings_handler.php, Línea: 861)
[2025-11-12 17:51:55 UTC] [settings_handler - update-preference] Fila de preferencias faltante para user_id: 3 (Archivo: E:\xampp\htdocs\ProjectGenesis\api\settings_handler.php, Línea: 861)
[2025-11-12 17:51:55 UTC] [settings_handler - update-preference] Fila de preferencias faltante para user_id: 3 (Archivo: E:\xampp\htdocs\ProjectGenesis\api\settings_handler.php, Línea: 861)
[2025-11-12 17:51:55 UTC] [settings_handler - update-preference] Fila de preferencias faltante para user_id: 3 (Archivo: E:\xampp\htdocs\ProjectGenesis\api\settings_handler.php, Línea: 861)
[2025-11-12 17:51:55 UTC] [settings_handler - update-preference] Fila de preferencias faltante para user_id: 3 (Archivo: E:\xampp\htdocs\ProjectGenesis\api\settings_handler.php, Línea: 861)
